<?xml version="1.0" encoding="UTF-8"?>
<Site BuildName="(empty)"
	BuildStamp="20231121-1645-Experimental"
	Name="hsn-Lenovo-Legion-5-15ARH05H"
	Generator="ctest-3.16.3"
	CompilerName="/usr/bin/g++"
	CompilerVersion="9.4.0"
	OSName="Linux"
	Hostname="hsn-Lenovo-Legion-5-15ARH05H"
	OSRelease="5.13.0-30-generic"
	OSVersion="#33~20.04.1-Ubuntu SMP Mon Feb 7 14:25:10 UTC 2022"
	OSPlatform="x86_64"
	Is64Bits="1"
	VendorString="AuthenticAMD"
	VendorID="Advanced Micro Devices"
	FamilyID="23"
	ModelID="96"
	ProcessorCacheSize="512"
	NumberOfLogicalCPU="12"
	NumberOfPhysicalCPU="6"
	TotalVirtualMemory="1158"
	TotalPhysicalMemory="15365"
	LogicalProcessorsPerPhysical="2"
	ProcessorClockFrequency="2519.79"
	>
	<Testing>
		<StartDateTime>Nov 21 18:45 EET</StartDateTime>
		<StartTestTime>1700585117</StartTestTime>
		<TestList/>
		<EndDateTime>Nov 21 18:45 EET</EndDateTime>
		<EndTestTime>1700585117</EndTestTime>
		<ElapsedMinutes>0</ElapsedMinutes>
	</Testing>
</Site>
